[23-Oct-2025 17:21:30 UTC] PHP Warning:  session_start(): Cannot start session when headers already sent in /home/stepusmy/jobs.stephenbreighner.com/wp-content/themes/jobs/customapi_profile_stuff.php on line 4
[23-Oct-2025 17:21:30 UTC] PHP Warning:  session_start(): Cannot start session when headers already sent in /home/stepusmy/jobs.stephenbreighner.com/wp-content/themes/jobs/customapi_posts.php on line 3
[23-Oct-2025 17:21:30 UTC] PHP Warning:  session_start(): Cannot start session when headers already sent in /home/stepusmy/jobs.stephenbreighner.com/wp-content/themes/jobs/functions.php on line 21
[23-Oct-2025 17:21:32 UTC] Automatic updates starting...
[23-Oct-2025 17:21:32 UTC]   Automatic plugin updates starting...
[23-Oct-2025 17:21:32 UTC]   Automatic plugin updates complete.
[23-Oct-2025 17:21:32 UTC] Automatic updates complete.
[24-Oct-2025 10:42:02 UTC] PHP Warning:  session_start(): Cannot start session when headers already sent in /home/stepusmy/jobs.stephenbreighner.com/wp-content/themes/jobs/customapi_profile_stuff.php on line 4
[24-Oct-2025 10:42:02 UTC] PHP Warning:  session_start(): Cannot start session when headers already sent in /home/stepusmy/jobs.stephenbreighner.com/wp-content/themes/jobs/customapi_posts.php on line 3
[24-Oct-2025 10:42:02 UTC] PHP Warning:  session_start(): Cannot start session when headers already sent in /home/stepusmy/jobs.stephenbreighner.com/wp-content/themes/jobs/functions.php on line 21
[24-Oct-2025 10:42:04 UTC] Automatic updates starting...
[24-Oct-2025 10:42:04 UTC]   Automatic plugin updates starting...
[24-Oct-2025 10:42:04 UTC]   Automatic plugin updates complete.
[24-Oct-2025 10:42:04 UTC] Automatic updates complete.
[24-Oct-2025 15:08:29 UTC] PHP Warning:  session_start(): Cannot start session when headers already sent in /home/stepusmy/jobs.stephenbreighner.com/wp-content/themes/jobs/customapi_profile_stuff.php on line 4
[24-Oct-2025 15:08:29 UTC] PHP Warning:  session_start(): Cannot start session when headers already sent in /home/stepusmy/jobs.stephenbreighner.com/wp-content/themes/jobs/customapi_posts.php on line 3
[24-Oct-2025 15:08:29 UTC] PHP Warning:  session_start(): Cannot start session when headers already sent in /home/stepusmy/jobs.stephenbreighner.com/wp-content/themes/jobs/functions.php on line 21
[25-Oct-2025 09:44:22 UTC] PHP Warning:  session_start(): Cannot start session when headers already sent in /home/stepusmy/jobs.stephenbreighner.com/wp-content/themes/jobs/customapi_profile_stuff.php on line 4
[25-Oct-2025 09:44:22 UTC] PHP Warning:  session_start(): Cannot start session when headers already sent in /home/stepusmy/jobs.stephenbreighner.com/wp-content/themes/jobs/customapi_posts.php on line 3
[25-Oct-2025 09:44:22 UTC] PHP Warning:  session_start(): Cannot start session when headers already sent in /home/stepusmy/jobs.stephenbreighner.com/wp-content/themes/jobs/functions.php on line 21
[25-Oct-2025 09:44:23 UTC] Automatic updates starting...
[25-Oct-2025 09:44:23 UTC]   Automatic plugin updates starting...
[25-Oct-2025 09:44:23 UTC]   Automatic plugin updates complete.
[25-Oct-2025 09:44:23 UTC] Automatic updates complete.
[26-Oct-2025 10:13:11 UTC] PHP Warning:  session_start(): Cannot start session when headers already sent in /home/stepusmy/jobs.stephenbreighner.com/wp-content/themes/jobs/customapi_profile_stuff.php on line 4
[26-Oct-2025 10:13:11 UTC] PHP Warning:  session_start(): Cannot start session when headers already sent in /home/stepusmy/jobs.stephenbreighner.com/wp-content/themes/jobs/customapi_posts.php on line 3
[26-Oct-2025 10:13:11 UTC] PHP Warning:  session_start(): Cannot start session when headers already sent in /home/stepusmy/jobs.stephenbreighner.com/wp-content/themes/jobs/functions.php on line 21
[26-Oct-2025 10:13:13 UTC] Automatic updates starting...
[26-Oct-2025 10:13:13 UTC]   Automatic plugin updates starting...
[26-Oct-2025 10:13:13 UTC]   Automatic plugin updates complete.
[26-Oct-2025 10:13:13 UTC] Automatic updates complete.
[26-Oct-2025 15:35:44 UTC] PHP Warning:  session_start(): Cannot start session when headers already sent in /home/stepusmy/jobs.stephenbreighner.com/wp-content/themes/jobs/customapi_profile_stuff.php on line 4
[26-Oct-2025 15:35:44 UTC] PHP Warning:  session_start(): Cannot start session when headers already sent in /home/stepusmy/jobs.stephenbreighner.com/wp-content/themes/jobs/customapi_posts.php on line 3
[26-Oct-2025 15:35:44 UTC] PHP Warning:  session_start(): Cannot start session when headers already sent in /home/stepusmy/jobs.stephenbreighner.com/wp-content/themes/jobs/functions.php on line 21
