[27-Oct-2025 07:20:16 UTC] PHP Warning:  session_start(): Cannot start session when headers already sent in /home/stepusmy/jobs.stephenbreighner.com/wp-content/themes/jobs/customapi_profile_stuff.php on line 4
[27-Oct-2025 07:20:16 UTC] PHP Warning:  session_start(): Cannot start session when headers already sent in /home/stepusmy/jobs.stephenbreighner.com/wp-content/themes/jobs/customapi_posts.php on line 3
[27-Oct-2025 07:20:16 UTC] PHP Warning:  session_start(): Cannot start session when headers already sent in /home/stepusmy/jobs.stephenbreighner.com/wp-content/themes/jobs/functions.php on line 21
[27-Oct-2025 07:20:17 UTC] Automatic updates starting...
[27-Oct-2025 07:20:17 UTC]   Automatic plugin updates starting...
[27-Oct-2025 07:20:17 UTC]   Automatic plugin updates complete.
[27-Oct-2025 07:20:17 UTC] Automatic updates complete.
[27-Oct-2025 09:47:14 UTC] PHP Warning:  session_start(): Cannot start session when headers already sent in /home/stepusmy/jobs.stephenbreighner.com/wp-content/themes/jobs/customapi_profile_stuff.php on line 4
[27-Oct-2025 09:47:14 UTC] PHP Warning:  session_start(): Cannot start session when headers already sent in /home/stepusmy/jobs.stephenbreighner.com/wp-content/themes/jobs/customapi_posts.php on line 3
[27-Oct-2025 09:47:14 UTC] PHP Warning:  session_start(): Cannot start session when headers already sent in /home/stepusmy/jobs.stephenbreighner.com/wp-content/themes/jobs/functions.php on line 21
[27-Oct-2025 23:46:54 UTC] PHP Warning:  session_start(): Cannot start session when headers already sent in /home/stepusmy/jobs.stephenbreighner.com/wp-content/themes/jobs/customapi_profile_stuff.php on line 4
[27-Oct-2025 23:46:54 UTC] PHP Warning:  session_start(): Cannot start session when headers already sent in /home/stepusmy/jobs.stephenbreighner.com/wp-content/themes/jobs/customapi_posts.php on line 3
[27-Oct-2025 23:46:54 UTC] PHP Warning:  session_start(): Cannot start session when headers already sent in /home/stepusmy/jobs.stephenbreighner.com/wp-content/themes/jobs/functions.php on line 21
[27-Oct-2025 23:46:55 UTC] Automatic updates starting...
[27-Oct-2025 23:46:55 UTC]   Automatic plugin updates starting...
[27-Oct-2025 23:46:55 UTC]   Automatic plugin updates complete.
[27-Oct-2025 23:46:55 UTC] Automatic updates complete.
[27-Oct-2025 23:47:05 UTC] PHP Warning:  The URL https://s7.softaculous.com/a/loginizer//updates.php?version=2.0.0&checking_for_updates=1&installed_version=2.0.0&license=SOFTWP-99406-44466-59482-61729&url=https%3A%2F%2Fjobs.stephenbreighner.com does not point to a valid plugin metadata file. WP HTTP Error: cURL error 28: Connection timed out after 10002 milliseconds in /home/stepusmy/jobs.stephenbreighner.com/wp-content/plugins/loginizer-security/updater/plugin-update-checker.php on line 985
[27-Oct-2025 23:47:16 UTC] PHP Warning:  session_start(): Cannot start session when headers already sent in /home/stepusmy/jobs.stephenbreighner.com/wp-content/themes/jobs/customapi_profile_stuff.php on line 4
[27-Oct-2025 23:47:16 UTC] PHP Warning:  session_start(): Cannot start session when headers already sent in /home/stepusmy/jobs.stephenbreighner.com/wp-content/themes/jobs/customapi_posts.php on line 3
[27-Oct-2025 23:47:16 UTC] PHP Warning:  session_start(): Cannot start session when headers already sent in /home/stepusmy/jobs.stephenbreighner.com/wp-content/themes/jobs/functions.php on line 21
[28-Oct-2025 09:28:22 UTC] PHP Warning:  session_start(): Cannot start session when headers already sent in /home/stepusmy/jobs.stephenbreighner.com/wp-content/themes/jobs/customapi_profile_stuff.php on line 4
[28-Oct-2025 09:28:22 UTC] PHP Warning:  session_start(): Cannot start session when headers already sent in /home/stepusmy/jobs.stephenbreighner.com/wp-content/themes/jobs/customapi_posts.php on line 3
[28-Oct-2025 09:28:22 UTC] PHP Warning:  session_start(): Cannot start session when headers already sent in /home/stepusmy/jobs.stephenbreighner.com/wp-content/themes/jobs/functions.php on line 21
[28-Oct-2025 09:28:22 UTC] Automatic updates starting...
[28-Oct-2025 09:28:22 UTC] Automatic updates complete.
[28-Oct-2025 14:50:19 UTC] PHP Warning:  session_start(): Cannot start session when headers already sent in /home/stepusmy/jobs.stephenbreighner.com/wp-content/themes/jobs/customapi_profile_stuff.php on line 4
[28-Oct-2025 14:50:19 UTC] PHP Warning:  session_start(): Cannot start session when headers already sent in /home/stepusmy/jobs.stephenbreighner.com/wp-content/themes/jobs/customapi_posts.php on line 3
[28-Oct-2025 14:50:19 UTC] PHP Warning:  session_start(): Cannot start session when headers already sent in /home/stepusmy/jobs.stephenbreighner.com/wp-content/themes/jobs/functions.php on line 21
[28-Oct-2025 14:50:47 UTC] PHP Warning:  session_start(): Cannot start session when headers already sent in /home/stepusmy/jobs.stephenbreighner.com/wp-content/themes/jobs/customapi_profile_stuff.php on line 4
[28-Oct-2025 14:50:47 UTC] PHP Warning:  session_start(): Cannot start session when headers already sent in /home/stepusmy/jobs.stephenbreighner.com/wp-content/themes/jobs/customapi_posts.php on line 3
[28-Oct-2025 14:50:47 UTC] PHP Warning:  session_start(): Cannot start session when headers already sent in /home/stepusmy/jobs.stephenbreighner.com/wp-content/themes/jobs/functions.php on line 21
[28-Oct-2025 14:50:55 UTC] 💡 Login endpoint hit
[28-Oct-2025 14:50:55 UTC] 2FA start called. Params: 
[28-Oct-2025 14:50:55 UTC] Session user: 
[28-Oct-2025 14:50:55 UTC] Session pending 2FA: 2
[28-Oct-2025 14:50:55 UTC] Sending 2FA to steve.breighner@gmail.com. Code: 320728
[28-Oct-2025 14:51:18 UTC] PHP Warning:  session_start(): Cannot start session when headers already sent in /home/stepusmy/jobs.stephenbreighner.com/wp-content/themes/jobs/customapi_profile_stuff.php on line 4
[28-Oct-2025 14:51:18 UTC] PHP Warning:  session_start(): Cannot start session when headers already sent in /home/stepusmy/jobs.stephenbreighner.com/wp-content/themes/jobs/customapi_posts.php on line 3
[28-Oct-2025 14:51:18 UTC] PHP Warning:  session_start(): Cannot start session when headers already sent in /home/stepusmy/jobs.stephenbreighner.com/wp-content/themes/jobs/functions.php on line 21
[28-Oct-2025 14:53:28 UTC] PHP Warning:  session_start(): Cannot start session when headers already sent in /home/stepusmy/jobs.stephenbreighner.com/wp-content/themes/jobs/customapi_profile_stuff.php on line 4
[28-Oct-2025 14:53:28 UTC] PHP Warning:  session_start(): Cannot start session when headers already sent in /home/stepusmy/jobs.stephenbreighner.com/wp-content/themes/jobs/customapi_posts.php on line 3
[28-Oct-2025 14:53:28 UTC] PHP Warning:  session_start(): Cannot start session when headers already sent in /home/stepusmy/jobs.stephenbreighner.com/wp-content/themes/jobs/functions.php on line 21
[28-Oct-2025 14:53:52 UTC] PHP Warning:  session_start(): Cannot start session when headers already sent in /home/stepusmy/jobs.stephenbreighner.com/wp-content/themes/jobs/customapi_profile_stuff.php on line 4
[28-Oct-2025 14:53:52 UTC] PHP Warning:  session_start(): Cannot start session when headers already sent in /home/stepusmy/jobs.stephenbreighner.com/wp-content/themes/jobs/customapi_posts.php on line 3
[28-Oct-2025 14:53:52 UTC] PHP Warning:  session_start(): Cannot start session when headers already sent in /home/stepusmy/jobs.stephenbreighner.com/wp-content/themes/jobs/functions.php on line 21
[28-Oct-2025 15:49:23 UTC] PHP Warning:  session_start(): Cannot start session when headers already sent in /home/stepusmy/jobs.stephenbreighner.com/wp-content/themes/jobs/customapi_profile_stuff.php on line 4
[28-Oct-2025 15:49:23 UTC] PHP Warning:  session_start(): Cannot start session when headers already sent in /home/stepusmy/jobs.stephenbreighner.com/wp-content/themes/jobs/customapi_posts.php on line 3
[28-Oct-2025 15:49:23 UTC] PHP Warning:  session_start(): Cannot start session when headers already sent in /home/stepusmy/jobs.stephenbreighner.com/wp-content/themes/jobs/functions.php on line 21
[29-Oct-2025 11:23:08 UTC] PHP Warning:  mysqli_real_connect(): (HY000/2002): No such file or directory in /home/steve/jobboard/realjobboard/wp-includes/class-wpdb.php on line 1988
[29-Oct-2025 11:28:45 UTC] PHP Warning:  mysqli_real_connect(): (HY000/1045): Access denied for user 'stepusmy_wp979'@'localhost' (using password: YES) in /home/steve/jobboard/realjobboard/wp-includes/class-wpdb.php on line 1988
[31-Oct-2025 07:45:57 UTC] Automatic updates starting...
[31-Oct-2025 07:45:57 UTC]   Automatic plugin updates starting...
[31-Oct-2025 07:45:57 UTC]   Automatic plugin updates complete.
[31-Oct-2025 07:45:57 UTC]   Automatic theme updates starting...
[31-Oct-2025 07:45:57 UTC]   Automatic theme updates complete.
[31-Oct-2025 07:45:57 UTC] Automatic updates complete.
[31-Oct-2025 07:45:58 UTC] PHP Warning:  fileperms(): stat failed for /home/steve/jobboard/realjobboard/index.php in /home/steve/jobboard/realjobboard/wp-admin/includes/file.php on line 2229
