Array
(
    [username] => sven.briggs@protonmail.com
    [email] => steve.breighner@gmail.com
    [first_name] => steve
    [last_name] => breighner
    [dob] => 
    [avatar] => undefined
)
Array
(
    [username] => sven.briggs@protonmail.com
    [email] => steve.breighner@gmail.com
    [first_name] => steven
    [last_name] => 
    [dob] => 
    [avatar] => undefined
)
Array
(
    [username] => sven.briggs@protonmail.com
    [email] => steve.breighner@gmail.com
    [first_name] => steve
    [last_name] => 
    [dob] => 2025-06-10
    [avatar] => undefined
)
Array
(
    [username] => sven.briggs@protonmail.com
    [email] => steve.breighner@gmail.com
    [first_name] => stevenf
    [last_name] => 
    [dob] => 
    [avatar] => undefined
)
Array
(
    [username] => sven.briggs@protonmail.com
    [email] => steve.breighner@gmail.com
    [first_name] => stevenf
    [last_name] => breighner
    [dob] => 2025-06-10
    [avatar] => undefined
)
Array
(
    [username] => sven.briggs@protonmail.com
    [email] => steve.breighner@gmail.com
    [first_name] => stevenn
    [last_name] => breighner
    [dob] => 2025-06-10
    [avatar] => undefined
)
Array
(
    [username] => sven.briggs@protonmail.com
    [email] => steve.breighner@gmail.com
    [first_name] => stevennn
    [last_name] => breighner
    [dob] => 2025-06-10
)
